<?xml version="1.0" encoding="UTF-8"?>
<!-- Generated by org.testng.reporters.JUnitXMLReporter -->
<testsuite hostname="DESKTOP-6I6TTTC" name="Corn Replant Claim" tests="7" failures="1" timestamp="3 Apr 2022 10:43:02 GMT" time="25.458" errors="0">
  <testcase name="addNewCustomerPage" time="10.202" classname="BankingApplication.Add_NewCustomer">
    <failure type="org.openqa.selenium.NoSuchElementException" message="no such element: Unable to locate element: {&amp;quot;method&amp;quot;:&amp;quot;xpath&amp;quot;,&amp;quot;selector&amp;quot;:&amp;quot;//*[text()=&amp;apos;Add New Customer&amp;apos;]&amp;quot;}
  (Session info: chrome=100.0.4896.60)
For documentation on this error, please visit: http://seleniumhq.org/exceptions/no_such_element.html
Build info: version: &amp;apos;3.4.0&amp;apos;, revision: &amp;apos;unknown&amp;apos;, time: &amp;apos;unknown&amp;apos;
System info: host: &amp;apos;DESKTOP-6I6TTTC&amp;apos;, ip: &amp;apos;192.168.1.5&amp;apos;, os.name: &amp;apos;Windows 10&amp;apos;, os.arch: &amp;apos;amd64&amp;apos;, os.version: &amp;apos;10.0&amp;apos;, java.version: &amp;apos;1.8.0_231&amp;apos;
Driver info: org.openqa.selenium.chrome.ChromeDriver
Capabilities [{networkConnectionEnabled=false, chrome={chromedriverVersion=99.0.4844.51 (d537ec02474b5afe23684e7963d538896c63ac77-refs/branch-heads/4844@{#875}), userDataDir=C:\Users\SARAVA~1\AppData\Local\Temp\scoped_dir1308_398239039}, timeouts={implicit=0.0, pageLoad=300000.0, script=30000.0}, pageLoadStrategy=normal, unhandledPromptBehavior=dismiss and notify, strictFileInteractability=false, platform=ANY, proxy=Proxy(), goog:chromeOptions={debuggerAddress=localhost:60782}, webauthn:extension:credBlob=true, acceptInsecureCerts=false, browserVersion=100.0.4896.60, browserName=chrome, javascriptEnabled=true, platformName=windows, setWindowRect=true, webauthn:extension:largeBlob=true, webauthn:virtualAuthenticators=true}]
Session ID: de7635eed2bad15694535c790d7fac9f
*** Element info: {Using=xpath, value=//*[text()=&amp;apos;Add New Customer&amp;apos;]}">
      <![CDATA[org.openqa.selenium.NoSuchElementException: no such element: Unable to locate element: {"method":"xpath","selector":"//*[text()='Add New Customer']"}
  (Session info: chrome=100.0.4896.60)
For documentation on this error, please visit: http://seleniumhq.org/exceptions/no_such_element.html
Build info: version: '3.4.0', revision: 'unknown', time: 'unknown'
System info: host: 'DESKTOP-6I6TTTC', ip: '192.168.1.5', os.name: 'Windows 10', os.arch: 'amd64', os.version: '10.0', java.version: '1.8.0_231'
Driver info: org.openqa.selenium.chrome.ChromeDriver
Capabilities [{networkConnectionEnabled=false, chrome={chromedriverVersion=99.0.4844.51 (d537ec02474b5afe23684e7963d538896c63ac77-refs/branch-heads/4844@{#875}), userDataDir=C:\Users\SARAVA~1\AppData\Local\Temp\scoped_dir1308_398239039}, timeouts={implicit=0.0, pageLoad=300000.0, script=30000.0}, pageLoadStrategy=normal, unhandledPromptBehavior=dismiss and notify, strictFileInteractability=false, platform=ANY, proxy=Proxy(), goog:chromeOptions={debuggerAddress=localhost:60782}, webauthn:extension:credBlob=true, acceptInsecureCerts=false, browserVersion=100.0.4896.60, browserName=chrome, javascriptEnabled=true, platformName=windows, setWindowRect=true, webauthn:extension:largeBlob=true, webauthn:virtualAuthenticators=true}]
Session ID: de7635eed2bad15694535c790d7fac9f
*** Element info: {Using=xpath, value=//*[text()='Add New Customer']}
	at org.openqa.selenium.remote.http.W3CHttpResponseCodec.createException(W3CHttpResponseCodec.java:150)
	at org.openqa.selenium.remote.http.W3CHttpResponseCodec.decode(W3CHttpResponseCodec.java:115)
	at org.openqa.selenium.remote.http.W3CHttpResponseCodec.decode(W3CHttpResponseCodec.java:45)
	at org.openqa.selenium.remote.HttpCommandExecutor.execute(HttpCommandExecutor.java:164)
	at org.openqa.selenium.remote.service.DriverCommandExecutor.execute(DriverCommandExecutor.java:82)
	at org.openqa.selenium.remote.RemoteWebDriver.execute(RemoteWebDriver.java:637)
	at org.openqa.selenium.remote.RemoteWebDriver.findElement(RemoteWebDriver.java:410)
	at org.openqa.selenium.remote.RemoteWebDriver.findElementByXPath(RemoteWebDriver.java:509)
	at org.openqa.selenium.By$ByXPath.findElement(By.java:361)
	at org.openqa.selenium.remote.RemoteWebDriver.findElement(RemoteWebDriver.java:402)
	at PageObjects.demoGuru.Add_NewCustomerPage.get_addNewCUstomer(Add_NewCustomerPage.java:78)
	at BankingApplication.Add_NewCustomer.addNewCustomerPage(Add_NewCustomer.java:63)
... Removed 28 stack frames]]>
    </failure>
  </testcase> <!-- addNewCustomerPage -->
  <testcase name="CustomerName" time="0.0" classname="BankingApplication.Add_NewCustomer">
    <skipped/>
  </testcase> <!-- CustomerName -->
  <testcase name="SelectGender" time="0.0" classname="BankingApplication.Add_NewCustomer">
    <skipped/>
  </testcase> <!-- SelectGender -->
  <testcase name="DateofBirth" time="0.0" classname="BankingApplication.Add_NewCustomer">
    <skipped/>
  </testcase> <!-- DateofBirth -->
  <testcase name="Custaddress" time="0.0" classname="BankingApplication.Add_NewCustomer">
    <skipped/>
  </testcase> <!-- Custaddress -->
  <testcase name="CustCity" time="0.0" classname="BankingApplication.Add_NewCustomer">
    <skipped/>
  </testcase> <!-- CustCity -->
  <testcase name="CustState" time="0.0" classname="BankingApplication.Add_NewCustomer">
    <skipped/>
  </testcase> <!-- CustState -->
</testsuite> <!-- Corn Replant Claim -->
