<?xml version="1.0" encoding="UTF-8"?>
<!-- Generated by org.testng.reporters.JUnitXMLReporter -->
<testsuite hostname="DESKTOP-6I6TTTC" name="Corn Replant Claim" tests="7" failures="0" timestamp="28 Mar 2022 04:56:36 GMT" time="9.411" errors="0">
  <testcase name="@BeforeTest claimsLaunch" time="0.0" classname="BankingApplication.Add_NewCustomer">
    <failure type="org.openqa.selenium.WebDriverException" message="unknown error: cannot determine loading status
from disconnected: received Inspector.detached event
  (Session info: chrome=99.0.4844.82)
Build info: version: &amp;apos;3.4.0&amp;apos;, revision: &amp;apos;unknown&amp;apos;, time: &amp;apos;unknown&amp;apos;
System info: host: &amp;apos;DESKTOP-6I6TTTC&amp;apos;, ip: &amp;apos;192.168.1.5&amp;apos;, os.name: &amp;apos;Windows 10&amp;apos;, os.arch: &amp;apos;amd64&amp;apos;, os.version: &amp;apos;10.0&amp;apos;, java.version: &amp;apos;1.8.0_231&amp;apos;
Driver info: org.openqa.selenium.chrome.ChromeDriver
Capabilities [{networkConnectionEnabled=false, chrome={chromedriverVersion=99.0.4844.51 (d537ec02474b5afe23684e7963d538896c63ac77-refs/branch-heads/4844@{#875}), userDataDir=C:\Users\SARAVA~1\AppData\Local\Temp\scoped_dir3636_1571528494}, timeouts={implicit=0.0, pageLoad=300000.0, script=30000.0}, pageLoadStrategy=normal, unhandledPromptBehavior=dismiss and notify, strictFileInteractability=false, platform=ANY, proxy=Proxy(), goog:chromeOptions={debuggerAddress=localhost:57921}, webauthn:extension:credBlob=true, acceptInsecureCerts=false, browserVersion=99.0.4844.82, browserName=chrome, javascriptEnabled=true, platformName=windows, setWindowRect=true, webauthn:extension:largeBlob=true, webauthn:virtualAuthenticators=true}]
Session ID: 725fe56bdc333ad43ed245ff311f5c2d">
      <![CDATA[org.openqa.selenium.WebDriverException: unknown error: cannot determine loading status
from disconnected: received Inspector.detached event
  (Session info: chrome=99.0.4844.82)
Build info: version: '3.4.0', revision: 'unknown', time: 'unknown'
System info: host: 'DESKTOP-6I6TTTC', ip: '192.168.1.5', os.name: 'Windows 10', os.arch: 'amd64', os.version: '10.0', java.version: '1.8.0_231'
Driver info: org.openqa.selenium.chrome.ChromeDriver
Capabilities [{networkConnectionEnabled=false, chrome={chromedriverVersion=99.0.4844.51 (d537ec02474b5afe23684e7963d538896c63ac77-refs/branch-heads/4844@{#875}), userDataDir=C:\Users\SARAVA~1\AppData\Local\Temp\scoped_dir3636_1571528494}, timeouts={implicit=0.0, pageLoad=300000.0, script=30000.0}, pageLoadStrategy=normal, unhandledPromptBehavior=dismiss and notify, strictFileInteractability=false, platform=ANY, proxy=Proxy(), goog:chromeOptions={debuggerAddress=localhost:57921}, webauthn:extension:credBlob=true, acceptInsecureCerts=false, browserVersion=99.0.4844.82, browserName=chrome, javascriptEnabled=true, platformName=windows, setWindowRect=true, webauthn:extension:largeBlob=true, webauthn:virtualAuthenticators=true}]
Session ID: 725fe56bdc333ad43ed245ff311f5c2d
	at org.openqa.selenium.remote.http.W3CHttpResponseCodec.createException(W3CHttpResponseCodec.java:150)
	at org.openqa.selenium.remote.http.W3CHttpResponseCodec.decode(W3CHttpResponseCodec.java:115)
	at org.openqa.selenium.remote.http.W3CHttpResponseCodec.decode(W3CHttpResponseCodec.java:45)
	at org.openqa.selenium.remote.HttpCommandExecutor.execute(HttpCommandExecutor.java:164)
	at org.openqa.selenium.remote.service.DriverCommandExecutor.execute(DriverCommandExecutor.java:82)
	at org.openqa.selenium.remote.RemoteWebDriver.execute(RemoteWebDriver.java:637)
	at org.openqa.selenium.remote.RemoteWebDriver.get(RemoteWebDriver.java:364)
	at BankingApplication.Add_NewCustomer.claimsLaunch(Add_NewCustomer.java:48)
	at org.apache.maven.surefire.testng.TestNGExecutor.run(TestNGExecutor.java:283)
	at org.apache.maven.surefire.testng.TestNGXmlTestSuite.execute(TestNGXmlTestSuite.java:75)
	at org.apache.maven.surefire.testng.TestNGProvider.invoke(TestNGProvider.java:120)
	at org.apache.maven.surefire.booter.ForkedBooter.invokeProviderInSameClassLoader(ForkedBooter.java:386)
	at org.apache.maven.surefire.booter.ForkedBooter.runSuitesInProcess(ForkedBooter.java:323)
	at org.apache.maven.surefire.booter.ForkedBooter.main(ForkedBooter.java:143)
... Removed 23 stack frames]]>
    </failure>
  </testcase> <!-- @BeforeTest claimsLaunch -->
  <testcase name="@AfterTest tearDown" time="0.0" classname="BankingApplication.Add_NewCustomer">
    <skipped/>
  </testcase> <!-- @AfterTest tearDown -->
  <testcase name="addNewCustomerPage" time="0.002" classname="BankingApplication.Add_NewCustomer">
    <skipped/>
  </testcase> <!-- addNewCustomerPage -->
  <testcase name="CustomerName" time="0.0" classname="BankingApplication.Add_NewCustomer">
    <skipped/>
  </testcase> <!-- CustomerName -->
  <testcase name="SelectGender" time="0.0" classname="BankingApplication.Add_NewCustomer">
    <skipped/>
  </testcase> <!-- SelectGender -->
  <testcase name="DateofBirth" time="0.016" classname="BankingApplication.Add_NewCustomer">
    <skipped/>
  </testcase> <!-- DateofBirth -->
  <testcase name="Custaddress" time="0.0" classname="BankingApplication.Add_NewCustomer">
    <skipped/>
  </testcase> <!-- Custaddress -->
  <testcase name="CustCity" time="0.0" classname="BankingApplication.Add_NewCustomer">
    <skipped/>
  </testcase> <!-- CustCity -->
  <testcase name="CustState" time="0.001" classname="BankingApplication.Add_NewCustomer">
    <skipped/>
  </testcase> <!-- CustState -->
</testsuite> <!-- Corn Replant Claim -->
