<?xml version="1.0" encoding="UTF-8"?>
<!-- Generated by org.testng.reporters.JUnitXMLReporter -->
<testsuite hostname="DESKTOP-6I6TTTC" name="Personal_loanCreation" tests="7" failures="1" timestamp="11 Apr 2022 10:05:59 GMT" time="19.739" errors="0">
  <testcase name="LoanTapHomePage" time="10.095" classname="LoanTapApplication.Personal_loanCreation">
    <failure type="org.openqa.selenium.NoSuchElementException" message="no such element: Unable to locate element: {&amp;quot;method&amp;quot;:&amp;quot;xpath&amp;quot;,&amp;quot;selector&amp;quot;:&amp;quot;//li[contains(@id, &amp;apos;menu-item&amp;apos;)]/a[@title=&amp;apos;Personal Loans&amp;apos;]&amp;quot;}
  (Session info: chrome=100.0.4896.75)
For documentation on this error, please visit: http://seleniumhq.org/exceptions/no_such_element.html
Build info: version: &amp;apos;3.4.0&amp;apos;, revision: &amp;apos;unknown&amp;apos;, time: &amp;apos;unknown&amp;apos;
System info: host: &amp;apos;DESKTOP-6I6TTTC&amp;apos;, ip: &amp;apos;192.168.1.9&amp;apos;, os.name: &amp;apos;Windows 10&amp;apos;, os.arch: &amp;apos;amd64&amp;apos;, os.version: &amp;apos;10.0&amp;apos;, java.version: &amp;apos;1.8.0_231&amp;apos;
Driver info: org.openqa.selenium.chrome.ChromeDriver
Capabilities [{networkConnectionEnabled=false, chrome={chromedriverVersion=99.0.4844.51 (d537ec02474b5afe23684e7963d538896c63ac77-refs/branch-heads/4844@{#875}), userDataDir=C:\Users\SARAVA~1\AppData\Local\Temp\scoped_dir14580_1462096230}, timeouts={implicit=0.0, pageLoad=300000.0, script=30000.0}, pageLoadStrategy=normal, unhandledPromptBehavior=dismiss and notify, strictFileInteractability=false, platform=ANY, proxy=Proxy(), goog:chromeOptions={debuggerAddress=localhost:64459}, webauthn:extension:credBlob=true, acceptInsecureCerts=false, browserVersion=100.0.4896.75, browserName=chrome, javascriptEnabled=true, platformName=windows, setWindowRect=true, webauthn:extension:largeBlob=true, webauthn:virtualAuthenticators=true}]
Session ID: 4cf77b6eb81fc09c3b74044d61675ce9
*** Element info: {Using=xpath, value=//li[contains(@id, &amp;apos;menu-item&amp;apos;)]/a[@title=&amp;apos;Personal Loans&amp;apos;]}">
      <![CDATA[org.openqa.selenium.NoSuchElementException: no such element: Unable to locate element: {"method":"xpath","selector":"//li[contains(@id, 'menu-item')]/a[@title='Personal Loans']"}
  (Session info: chrome=100.0.4896.75)
For documentation on this error, please visit: http://seleniumhq.org/exceptions/no_such_element.html
Build info: version: '3.4.0', revision: 'unknown', time: 'unknown'
System info: host: 'DESKTOP-6I6TTTC', ip: '192.168.1.9', os.name: 'Windows 10', os.arch: 'amd64', os.version: '10.0', java.version: '1.8.0_231'
Driver info: org.openqa.selenium.chrome.ChromeDriver
Capabilities [{networkConnectionEnabled=false, chrome={chromedriverVersion=99.0.4844.51 (d537ec02474b5afe23684e7963d538896c63ac77-refs/branch-heads/4844@{#875}), userDataDir=C:\Users\SARAVA~1\AppData\Local\Temp\scoped_dir14580_1462096230}, timeouts={implicit=0.0, pageLoad=300000.0, script=30000.0}, pageLoadStrategy=normal, unhandledPromptBehavior=dismiss and notify, strictFileInteractability=false, platform=ANY, proxy=Proxy(), goog:chromeOptions={debuggerAddress=localhost:64459}, webauthn:extension:credBlob=true, acceptInsecureCerts=false, browserVersion=100.0.4896.75, browserName=chrome, javascriptEnabled=true, platformName=windows, setWindowRect=true, webauthn:extension:largeBlob=true, webauthn:virtualAuthenticators=true}]
Session ID: 4cf77b6eb81fc09c3b74044d61675ce9
*** Element info: {Using=xpath, value=//li[contains(@id, 'menu-item')]/a[@title='Personal Loans']}
	at org.openqa.selenium.remote.http.W3CHttpResponseCodec.createException(W3CHttpResponseCodec.java:150)
	at org.openqa.selenium.remote.http.W3CHttpResponseCodec.decode(W3CHttpResponseCodec.java:115)
	at org.openqa.selenium.remote.http.W3CHttpResponseCodec.decode(W3CHttpResponseCodec.java:45)
	at org.openqa.selenium.remote.HttpCommandExecutor.execute(HttpCommandExecutor.java:164)
	at org.openqa.selenium.remote.service.DriverCommandExecutor.execute(DriverCommandExecutor.java:82)
	at org.openqa.selenium.remote.RemoteWebDriver.execute(RemoteWebDriver.java:637)
	at org.openqa.selenium.remote.RemoteWebDriver.findElement(RemoteWebDriver.java:410)
	at org.openqa.selenium.remote.RemoteWebDriver.findElementByXPath(RemoteWebDriver.java:509)
	at org.openqa.selenium.By$ByXPath.findElement(By.java:361)
	at org.openqa.selenium.remote.RemoteWebDriver.findElement(RemoteWebDriver.java:402)
	at PageObjects.LoanTap.LoanTapHomePage.get_plMenu(LoanTapHomePage.java:76)
	at LoanTapApplication.Personal_loanCreation.LoanTapHomePage(Personal_loanCreation.java:73)
	at org.apache.maven.surefire.testng.TestNGExecutor.run(TestNGExecutor.java:283)
	at org.apache.maven.surefire.testng.TestNGXmlTestSuite.execute(TestNGXmlTestSuite.java:75)
	at org.apache.maven.surefire.testng.TestNGProvider.invoke(TestNGProvider.java:120)
	at org.apache.maven.surefire.booter.ForkedBooter.invokeProviderInSameClassLoader(ForkedBooter.java:386)
	at org.apache.maven.surefire.booter.ForkedBooter.runSuitesInProcess(ForkedBooter.java:323)
	at org.apache.maven.surefire.booter.ForkedBooter.main(ForkedBooter.java:143)
... Removed 25 stack frames]]>
    </failure>
  </testcase> <!-- LoanTapHomePage -->
  <testcase name="pLoanmenu" time="0.001" classname="LoanTapApplication.Personal_loanCreation">
    <skipped/>
  </testcase> <!-- pLoanmenu -->
  <testcase name="selectPersonalLoan" time="0.0" classname="LoanTapApplication.Personal_loanCreation">
    <skipped/>
  </testcase> <!-- selectPersonalLoan -->
  <testcase name="getAmount" time="0.001" classname="LoanTapApplication.Personal_loanCreation">
    <skipped/>
  </testcase> <!-- getAmount -->
  <testcase name="applyNow" time="0.001" classname="LoanTapApplication.Personal_loanCreation">
    <skipped/>
  </testcase> <!-- applyNow -->
  <testcase name="textverify1" time="0.0" classname="LoanTapApplication.Personal_loanCreation">
    <skipped/>
  </testcase> <!-- textverify1 -->
  <testcase name="textverify" time="0.0" classname="LoanTapApplication.Personal_loanCreation">
    <skipped/>
  </testcase> <!-- textverify -->
</testsuite> <!-- Personal_loanCreation -->
